<?xml version="1.0" encoding="UTF-8"?>
<testng-results skipped="0" failed="0" total="3" passed="3">
  <reporter-output>
  </reporter-output>
  <suite name="Default suite" duration-ms="44624" started-at="2019-01-10T11:04:00Z" finished-at="2019-01-10T11:04:44Z">
    <groups>
    </groups>
    <test name="Default test" duration-ms="44624" started-at="2019-01-10T11:04:00Z" finished-at="2019-01-10T11:04:44Z">
      <class name="day06.ZuoyeTest">
        <test-method status="PASS" signature="beforeClass()[pri:0, instance:day06.ZuoyeTest@224aed64]" name="beforeClass" is-config="true" duration-ms="4573" started-at="2019-01-10T19:04:00Z" finished-at="2019-01-10T19:04:04Z">
          <reporter-output>
          </reporter-output>
        </test-method> <!-- beforeClass -->
        <test-method status="PASS" signature="af()[pri:0, instance:day06.ZuoyeTest@224aed64]" name="af" duration-ms="14184" started-at="2019-01-10T19:04:04Z" finished-at="2019-01-10T19:04:19Z">
          <reporter-output>
          </reporter-output>
        </test-method> <!-- af -->
        <test-method status="PASS" signature="blogin()[pri:0, instance:day06.ZuoyeTest@224aed64]" name="blogin" duration-ms="11192" started-at="2019-01-10T19:04:19Z" finished-at="2019-01-10T19:04:30Z">
          <reporter-output>
          </reporter-output>
        </test-method> <!-- blogin -->
        <test-method status="PASS" signature="cht()[pri:0, instance:day06.ZuoyeTest@224aed64]" name="cht" duration-ms="14459" started-at="2019-01-10T19:04:30Z" finished-at="2019-01-10T19:04:44Z">
          <reporter-output>
          </reporter-output>
        </test-method> <!-- cht -->
        <test-method status="PASS" signature="afterClass()[pri:0, instance:day06.ZuoyeTest@224aed64]" name="afterClass" is-config="true" duration-ms="178" started-at="2019-01-10T19:04:44Z" finished-at="2019-01-10T19:04:44Z">
          <reporter-output>
          </reporter-output>
        </test-method> <!-- afterClass -->
      </class> <!-- day06.ZuoyeTest -->
    </test> <!-- Default test -->
  </suite> <!-- Default suite -->
</testng-results>
